0 info it worked if it ends with ok
1 verbose cli [ 'node', '/usr/local/bin/npm', 'install', 'grunt-karma.js' ]
2 info using npm@1.4.28
3 info using node@v0.10.35
4 warn package.json todo@0.0.0 No description
5 warn package.json todo@0.0.0 No repository field.
6 warn package.json todo@0.0.0 No README data
7 warn package.json karma-phantomjs-launcher@0.1.4 No README data
8 verbose readDependencies using package.json deps
9 verbose cache add [ 'grunt-karma.js', null ]
10 verbose cache add name=undefined spec="grunt-karma.js" args=["grunt-karma.js",null]
11 verbose parsed url { protocol: null,
11 verbose parsed url   slashes: null,
11 verbose parsed url   auth: null,
11 verbose parsed url   host: null,
11 verbose parsed url   port: null,
11 verbose parsed url   hostname: null,
11 verbose parsed url   hash: null,
11 verbose parsed url   search: null,
11 verbose parsed url   query: null,
11 verbose parsed url   pathname: 'grunt-karma.js',
11 verbose parsed url   path: 'grunt-karma.js',
11 verbose parsed url   href: 'grunt-karma.js' }
12 silly lockFile 7fd83d52-grunt-karma-js grunt-karma.js
13 verbose lock grunt-karma.js /Users/ascavone/.npm/7fd83d52-grunt-karma-js.lock
14 silly lockFile 7fd83d52-grunt-karma-js grunt-karma.js
15 silly lockFile 7fd83d52-grunt-karma-js grunt-karma.js
16 verbose addNamed [ 'grunt-karma.js', '' ]
17 verbose addNamed [ null, '*' ]
18 silly lockFile 388e7572-grunt-karma-js grunt-karma.js@
19 verbose lock grunt-karma.js@ /Users/ascavone/.npm/388e7572-grunt-karma-js.lock
20 silly addNameRange { name: 'grunt-karma.js', range: '*', hasData: false }
21 verbose request where is /grunt-karma.js
22 verbose request registry https://registry.npmjs.org/
23 verbose request id e567f813a019758c
24 verbose url raw /grunt-karma.js
25 verbose url resolving [ 'https://registry.npmjs.org/', './grunt-karma.js' ]
26 verbose url resolved https://registry.npmjs.org/grunt-karma.js
27 verbose request where is https://registry.npmjs.org/grunt-karma.js
28 info trying registry request attempt 1 at 14:46:20
29 http GET https://registry.npmjs.org/grunt-karma.js
30 http 404 https://registry.npmjs.org/grunt-karma.js
31 verbose headers { date: 'Sun, 12 Apr 2015 18:46:20 GMT',
31 verbose headers   server: 'CouchDB/1.5.0 (Erlang OTP/R16B03)',
31 verbose headers   'content-type': 'application/json',
31 verbose headers   'cache-control': 'max-age=0',
31 verbose headers   'content-length': '51',
31 verbose headers   'accept-ranges': 'bytes',
31 verbose headers   via: '1.1 varnish',
31 verbose headers   age: '0',
31 verbose headers   'x-served-by': 'cache-atl6223-ATL',
31 verbose headers   'x-cache': 'MISS',
31 verbose headers   'x-cache-hits': '0',
31 verbose headers   'x-timer': 'S1428864380.867586,VS0,VE82',
31 verbose headers   'keep-alive': 'timeout=10, max=50',
31 verbose headers   connection: 'Keep-Alive' }
32 silly registry.get cb [ 404,
32 silly registry.get   { date: 'Sun, 12 Apr 2015 18:46:20 GMT',
32 silly registry.get     server: 'CouchDB/1.5.0 (Erlang OTP/R16B03)',
32 silly registry.get     'content-type': 'application/json',
32 silly registry.get     'cache-control': 'max-age=0',
32 silly registry.get     'content-length': '51',
32 silly registry.get     'accept-ranges': 'bytes',
32 silly registry.get     via: '1.1 varnish',
32 silly registry.get     age: '0',
32 silly registry.get     'x-served-by': 'cache-atl6223-ATL',
32 silly registry.get     'x-cache': 'MISS',
32 silly registry.get     'x-cache-hits': '0',
32 silly registry.get     'x-timer': 'S1428864380.867586,VS0,VE82',
32 silly registry.get     'keep-alive': 'timeout=10, max=50',
32 silly registry.get     connection: 'Keep-Alive' } ]
33 silly lockFile 388e7572-grunt-karma-js grunt-karma.js@
34 silly lockFile 388e7572-grunt-karma-js grunt-karma.js@
35 error 404 404 Not Found: grunt-karma.js
35 error 404
35 error 404 'grunt-karma.js' is not in the npm registry.
35 error 404 You should bug the author to publish it
35 error 404 It was specified as a dependency of 'todo'
35 error 404
35 error 404 Maybe try 'npm search grunt karma'
35 error 404
35 error 404 Note that you can also install from a
35 error 404 tarball, folder, or http url, or git url.
36 error System Darwin 14.1.0
37 error command "node" "/usr/local/bin/npm" "install" "grunt-karma.js"
38 error cwd /Users/ascavone/Dropbox/projects/learning/learning/yeoman/todo
39 error node -v v0.10.35
40 error npm -v 1.4.28
41 error code E404
42 verbose exit [ 1, true ]
